This file contains any messages produced by compilers while
running configure, to aid debugging if configure makes a mistake.

It was created by FULL-PACKAGE-NAME configure VERSION, which was
generated by GNU Autoconf 2.57.  Invocation command line was

  $ ./configure 

## --------- ##
## Platform. ##
## --------- ##

hostname = macivory.local
uname -m = Power Macintosh
uname -r = 7.4.0
uname -s = Darwin
uname -v = Darwin Kernel Version 7.4.0: Wed May 12 16:58:24 PDT 2004; root:xnu/xnu-517.7.7.obj~7/RELEASE_PPC 

/usr/bin/uname -p = powerpc
/bin/uname -X     = unknown

/bin/arch              = unknown
/usr/bin/arch -k       = unknown
/usr/convex/getsysinfo = unknown
hostinfo               = Mach kernel version:
	 Darwin Kernel Version 7.4.0:
Wed May 12 16:58:24 PDT 2004; root:xnu/xnu-517.7.7.obj~7/RELEASE_PPC


Kernel configured for a single processor only.
1 processor is physically available.
Processor type: ppc7450 (PowerPC 7450)
Processor active: 0
Primary memory available: 384.00 megabytes.
Default processor set: 64 tasks, 156 threads, 1 processors
Load average: 1.78, Mach factor: 0.23
unknown
/bin/machine           = unknown
/usr/bin/oslevel       = unknown
/bin/universe          = unknown

PATH: /sw/bin
PATH: /sw/sbin
PATH: /sw/lib
PATH: /usr/bin
PATH: /bin
PATH: /usr/sbin
PATH: /sbin
PATH: /Users/quadrat
PATH: /usr/X11R6/bin
PATH: /usr/local/teTeX/bin/powerpc-apple-darwin-current


## ----------- ##
## Core tests. ##
## ----------- ##

configure:1320: checking for gcc
configure:1336: found /usr/bin/gcc
configure:1346: result: gcc
configure:1590: checking for C compiler version
configure:1593: gcc --version </dev/null >&5
gcc (GCC) 3.3 20030304 (Apple Computer, Inc. build 1495)
Copyright (C) 2002 Free Software Foundation, Inc.
This is free software; see the source for copying conditions.  There is NO
warranty; not even for MERCHANTABILITY or FITNESS FOR A PARTICULAR PURPOSE.

configure:1596: $? = 0
configure:1598: gcc -v </dev/null >&5
Reading specs from /usr/libexec/gcc/darwin/ppc/3.3/specs
Thread model: posix
gcc version 3.3 20030304 (Apple Computer, Inc. build 1495)
configure:1601: $? = 0
configure:1603: gcc -V </dev/null >&5
gcc: `-V' option must have argument
configure:1606: $? = 1
configure:1630: checking for C compiler default output
configure:1633: gcc    conftest.c  >&5
configure:1636: $? = 0
configure:1682: result: a.out
configure:1687: checking whether the C compiler works
configure:1693: ./a.out
configure:1696: $? = 0
configure:1713: result: yes
configure:1720: checking whether we are cross compiling
configure:1722: result: no
configure:1725: checking for suffix of executables
configure:1727: gcc -o conftest    conftest.c  >&5
configure:1730: $? = 0
configure:1755: result: 
configure:1761: checking for suffix of object files
configure:1783: gcc -c   conftest.c >&5
configure:1786: $? = 0
configure:1808: result: o
configure:1812: checking whether we are using the GNU C compiler
configure:1837: gcc -c   conftest.c >&5
configure:1840: $? = 0
configure:1843: test -s conftest.o
configure:1846: $? = 0
configure:1859: result: yes
configure:1865: checking whether gcc accepts -g
configure:1887: gcc -c -g  conftest.c >&5
configure:1890: $? = 0
configure:1893: test -s conftest.o
configure:1896: $? = 0
configure:1907: result: yes
configure:1924: checking for gcc option to accept ANSI C
configure:1985: gcc  -c -g -O2  conftest.c >&5
configure:1988: $? = 0
configure:1991: test -s conftest.o
configure:1994: $? = 0
configure:2012: result: none needed
configure:2030: gcc -c -g -O2  conftest.c >&5
conftest.c:2: error: parse error before "me"
configure:2033: $? = 1
configure: failed program was:
| #ifndef __cplusplus
|   choke me
| #endif
configure:2147: checking for main in -lmysqlclient
configure:2172: gcc -o conftest -g -O2   conftest.c -lmysqlclient   >&5
ld: can't locate file for: -lmysqlclient
configure:2175: $? = 1
configure: failed program was:
| #line 2154 "configure"
| /* confdefs.h.  */
| 
| #define PACKAGE_NAME "FULL-PACKAGE-NAME"
| #define PACKAGE_TARNAME "full-package-name"
| #define PACKAGE_VERSION "VERSION"
| #define PACKAGE_STRING "FULL-PACKAGE-NAME VERSION"
| #define PACKAGE_BUGREPORT "BUG-REPORT-ADDRESS"
| /* end confdefs.h.  */
| 
| 
| int
| main ()
| {
| main ();
|   ;
|   return 0;
| }
configure:2193: result: no
configure:2206: checking for main in -lz
configure:2231: gcc -o conftest -g -O2   conftest.c -lz   >&5
configure:2234: $? = 0
configure:2237: test -s conftest
configure:2240: $? = 0
configure:2252: result: yes
configure:2270: checking how to run the C preprocessor
configure:2306: gcc -E  conftest.c
configure:2312: $? = 0
configure:2344: gcc -E  conftest.c
configure:2344:28: ac_nonexistent.h: No such file or directory
configure:2350: $? = 1
configure: failed program was:
| #line 2335 "configure"
| /* confdefs.h.  */
| 
| #define PACKAGE_NAME "FULL-PACKAGE-NAME"
| #define PACKAGE_TARNAME "full-package-name"
| #define PACKAGE_VERSION "VERSION"
| #define PACKAGE_STRING "FULL-PACKAGE-NAME VERSION"
| #define PACKAGE_BUGREPORT "BUG-REPORT-ADDRESS"
| #define HAVE_LIBZ 1
| /* end confdefs.h.  */
| #include <ac_nonexistent.h>
configure:2388: result: gcc -E
configure:2413: gcc -E  conftest.c
configure:2419: $? = 0
configure:2451: gcc -E  conftest.c
configure:2451:28: ac_nonexistent.h: No such file or directory
configure:2457: $? = 1
configure: failed program was:
| #line 2442 "configure"
| /* confdefs.h.  */
| 
| #define PACKAGE_NAME "FULL-PACKAGE-NAME"
| #define PACKAGE_TARNAME "full-package-name"
| #define PACKAGE_VERSION "VERSION"
| #define PACKAGE_STRING "FULL-PACKAGE-NAME VERSION"
| #define PACKAGE_BUGREPORT "BUG-REPORT-ADDRESS"
| #define HAVE_LIBZ 1
| /* end confdefs.h.  */
| #include <ac_nonexistent.h>
configure:2500: checking for egrep
configure:2510: result: grep -E
configure:2515: checking for ANSI C header files
configure:2541: gcc -c -g -O2  conftest.c >&5
configure:2544: $? = 0
configure:2547: test -s conftest.o
configure:2550: $? = 0
configure:2639: gcc -o conftest -g -O2   conftest.c -lz  >&5
configure:2642: $? = 0
configure:2644: ./conftest
configure:2647: $? = 0
configure:2662: result: yes
configure:2686: checking for sys/types.h
configure:2703: gcc -c -g -O2  conftest.c >&5
configure:2706: $? = 0
configure:2709: test -s conftest.o
configure:2712: $? = 0
configure:2723: result: yes
configure:2686: checking for sys/stat.h
configure:2703: gcc -c -g -O2  conftest.c >&5
configure:2706: $? = 0
configure:2709: test -s conftest.o
configure:2712: $? = 0
configure:2723: result: yes
configure:2686: checking for stdlib.h
configure:2703: gcc -c -g -O2  conftest.c >&5
configure:2706: $? = 0
configure:2709: test -s conftest.o
configure:2712: $? = 0
configure:2723: result: yes
configure:2686: checking for string.h
configure:2703: gcc -c -g -O2  conftest.c >&5
configure:2706: $? = 0
configure:2709: test -s conftest.o
configure:2712: $? = 0
configure:2723: result: yes
configure:2686: checking for memory.h
configure:2703: gcc -c -g -O2  conftest.c >&5
configure:2706: $? = 0
configure:2709: test -s conftest.o
configure:2712: $? = 0
configure:2723: result: yes
configure:2686: checking for strings.h
configure:2703: gcc -c -g -O2  conftest.c >&5
configure:2706: $? = 0
configure:2709: test -s conftest.o
configure:2712: $? = 0
configure:2723: result: yes
configure:2686: checking for inttypes.h
configure:2703: gcc -c -g -O2  conftest.c >&5
configure:2706: $? = 0
configure:2709: test -s conftest.o
configure:2712: $? = 0
configure:2723: result: yes
configure:2686: checking for stdint.h
configure:2703: gcc -c -g -O2  conftest.c >&5
configure:2706: $? = 0
configure:2709: test -s conftest.o
configure:2712: $? = 0
configure:2723: result: yes
configure:2686: checking for unistd.h
configure:2703: gcc -c -g -O2  conftest.c >&5
configure:2706: $? = 0
configure:2709: test -s conftest.o
configure:2712: $? = 0
configure:2723: result: yes
configure:2753: checking libintl.h usability
configure:2766: gcc -c -g -O2  conftest.c >&5
configure:2808:21: libintl.h: No such file or directory
configure:2769: $? = 1
configure: failed program was:
| #line 2755 "configure"
| /* confdefs.h.  */
| 
| #define PACKAGE_NAME "FULL-PACKAGE-NAME"
| #define PACKAGE_TARNAME "full-package-name"
| #define PACKAGE_VERSION "VERSION"
| #define PACKAGE_STRING "FULL-PACKAGE-NAME VERSION"
| #define PACKAGE_BUGREPORT "BUG-REPORT-ADDRESS"
| #define HAVE_LIBZ 1
| #define STDC_HEADERS 1
| #define HAVE_SYS_TYPES_H 1
| #define HAVE_SYS_STAT_H 1
| #define HAVE_STDLIB_H 1
| #define HAVE_STRING_H 1
| #define HAVE_MEMORY_H 1
| #define HAVE_STRINGS_H 1
| #define HAVE_INTTYPES_H 1
| #define HAVE_STDINT_H 1
| #define HAVE_UNISTD_H 1
| /* end confdefs.h.  */
| #include <stdio.h>
| #if HAVE_SYS_TYPES_H
| # include <sys/types.h>
| #endif
| #if HAVE_SYS_STAT_H
| # include <sys/stat.h>
| #endif
| #if STDC_HEADERS
| # include <stdlib.h>
| # include <stddef.h>
| #else
| # if HAVE_STDLIB_H
| #  include <stdlib.h>
| # endif
| #endif
| #if HAVE_STRING_H
| # if !STDC_HEADERS && HAVE_MEMORY_H
| #  include <memory.h>
| # endif
| # include <string.h>
| #endif
| #if HAVE_STRINGS_H
| # include <strings.h>
| #endif
| #if HAVE_INTTYPES_H
| # include <inttypes.h>
| #else
| # if HAVE_STDINT_H
| #  include <stdint.h>
| # endif
| #endif
| #if HAVE_UNISTD_H
| # include <unistd.h>
| #endif
| #include <libintl.h>
configure:2785: result: no
configure:2789: checking libintl.h presence
configure:2800: gcc -E  conftest.c
configure:2810:21: libintl.h: No such file or directory
configure:2806: $? = 1
configure: failed program was:
| #line 2791 "configure"
| /* confdefs.h.  */
| 
| #define PACKAGE_NAME "FULL-PACKAGE-NAME"
| #define PACKAGE_TARNAME "full-package-name"
| #define PACKAGE_VERSION "VERSION"
| #define PACKAGE_STRING "FULL-PACKAGE-NAME VERSION"
| #define PACKAGE_BUGREPORT "BUG-REPORT-ADDRESS"
| #define HAVE_LIBZ 1
| #define STDC_HEADERS 1
| #define HAVE_SYS_TYPES_H 1
| #define HAVE_SYS_STAT_H 1
| #define HAVE_STDLIB_H 1
| #define HAVE_STRING_H 1
| #define HAVE_MEMORY_H 1
| #define HAVE_STRINGS_H 1
| #define HAVE_INTTYPES_H 1
| #define HAVE_STDINT_H 1
| #define HAVE_UNISTD_H 1
| /* end confdefs.h.  */
| #include <libintl.h>
configure:2825: result: no
configure:2861: checking for libintl.h
configure:2868: result: no
configure:2744: checking for stdlib.h
configure:2749: result: yes
configure:2744: checking for string.h
configure:2749: result: yes
configure:2753: checking sys/time.h usability
configure:2766: gcc -c -g -O2  conftest.c >&5
configure:2769: $? = 0
configure:2772: test -s conftest.o
configure:2775: $? = 0
configure:2785: result: yes
configure:2789: checking sys/time.h presence
configure:2800: gcc -E  conftest.c
configure:2806: $? = 0
configure:2825: result: yes
configure:2861: checking for sys/time.h
configure:2868: result: yes
configure:2744: checking for unistd.h
configure:2749: result: yes
configure:2883: checking for stdbool.h that conforms to C99
configure:2937: gcc -c -g -O2  conftest.c >&5
configure:2940: $? = 0
configure:2943: test -s conftest.o
configure:2946: $? = 0
configure:2957: result: yes
configure:2959: checking for _Bool
configure:2984: gcc -c -g -O2  conftest.c >&5
configure:2987: $? = 0
configure:2990: test -s conftest.o
configure:2993: $? = 0
configure:3004: result: yes
configure:3023: checking for an ANSI C-conforming const
configure:3091: gcc -c -g -O2  conftest.c >&5
configure:3094: $? = 0
configure:3097: test -s conftest.o
configure:3100: $? = 0
configure:3111: result: yes
configure:3121: checking for inline
configure:3143: gcc -c -g -O2  conftest.c >&5
configure:3146: $? = 0
configure:3149: test -s conftest.o
configure:3152: $? = 0
configure:3164: result: inline
configure:3179: checking for size_t
configure:3204: gcc -c -g -O2  conftest.c >&5
configure:3207: $? = 0
configure:3210: test -s conftest.o
configure:3213: $? = 0
configure:3224: result: yes
configure:3243: checking for stdlib.h
configure:3248: result: yes
configure:3380: checking for GNU libc compatible malloc
configure:3410: gcc -o conftest -g -O2   conftest.c -lz  >&5
configure:3413: $? = 0
configure:3415: ./conftest
configure:3418: $? = 0
configure:3432: result: yes
configure:3455: checking for working memcmp
configure:3504: gcc -o conftest -g -O2   conftest.c -lz  >&5
configure:3507: $? = 0
configure:3509: ./conftest
configure:3512: $? = 0
configure:3526: result: yes
configure:3535: checking for stdlib.h
configure:3540: result: yes
configure:3672: checking for GNU libc compatible realloc
configure:3702: gcc -o conftest -g -O2   conftest.c -lz  >&5
configure:3705: $? = 0
configure:3707: ./conftest
configure:3710: $? = 0
configure:3724: result: yes
configure:3751: checking for vprintf
configure:3801: gcc -o conftest -g -O2   conftest.c -lz  >&5
configure:3801: warning: conflicting types for built-in function `vprintf'
configure:3804: $? = 0
configure:3807: test -s conftest
configure:3810: $? = 0
configure:3821: result: yes
configure:3828: checking for _doprnt
configure:3878: gcc -o conftest -g -O2   conftest.c -lz  >&5
ld: Undefined symbols:
__doprnt
configure:3881: $? = 1
configure: failed program was:
| #line 3833 "configure"
| /* confdefs.h.  */
| 
| #define PACKAGE_NAME "FULL-PACKAGE-NAME"
| #define PACKAGE_TARNAME "full-package-name"
| #define PACKAGE_VERSION "VERSION"
| #define PACKAGE_STRING "FULL-PACKAGE-NAME VERSION"
| #define PACKAGE_BUGREPORT "BUG-REPORT-ADDRESS"
| #define HAVE_LIBZ 1
| #define STDC_HEADERS 1
| #define HAVE_SYS_TYPES_H 1
| #define HAVE_SYS_STAT_H 1
| #define HAVE_STDLIB_H 1
| #define HAVE_STRING_H 1
| #define HAVE_MEMORY_H 1
| #define HAVE_STRINGS_H 1
| #define HAVE_INTTYPES_H 1
| #define HAVE_STDINT_H 1
| #define HAVE_UNISTD_H 1
| #define HAVE_STDLIB_H 1
| #define HAVE_STRING_H 1
| #define HAVE_SYS_TIME_H 1
| #define HAVE_UNISTD_H 1
| #define HAVE__BOOL 1
| #define HAVE_STDBOOL_H 1
| #define HAVE_STDLIB_H 1
| #define HAVE_MALLOC 1
| #define HAVE_STDLIB_H 1
| #define HAVE_REALLOC 1
| #define HAVE_VPRINTF 1
| /* end confdefs.h.  */
| /* System header to define __stub macros and hopefully few prototypes,
|     which can conflict with char _doprnt (); below.
|     Prefer <limits.h> to <assert.h> if __STDC__ is defined, since
|     <limits.h> exists even on freestanding compilers.  */
| #ifdef __STDC__
| # include <limits.h>
| #else
| # include <assert.h>
| #endif
| /* Override any gcc2 internal prototype to avoid an error.  */
| #ifdef __cplusplus
| extern "C"
| {
| #endif
| /* We use char because int might match the return type of a gcc2
|    builtin and then its argument prototype would still apply.  */
| char _doprnt ();
| /* The GNU C library defines this for functions which it implements
|     to always fail with ENOSYS.  Some functions are actually named
|     something starting with __ and the normal name is an alias.  */
| #if defined (__stub__doprnt) || defined (__stub____doprnt)
| choke me
| #else
| char (*f) () = _doprnt;
| #endif
| #ifdef __cplusplus
| }
| #endif
| 
| int
| main ()
| {
| return f != _doprnt;
|   ;
|   return 0;
| }
configure:3898: result: no
configure:3917: checking for sqrt
configure:3967: gcc -o conftest -g -O2   conftest.c -lz  >&5
configure:3968: warning: conflicting types for built-in function `sqrt'
configure:3970: $? = 0
configure:3973: test -s conftest
configure:3976: $? = 0
configure:3987: result: yes
configure:3917: checking for strrchr
configure:3967: gcc -o conftest -g -O2   conftest.c -lz  >&5
configure:3969: warning: conflicting types for built-in function `strrchr'
configure:3970: $? = 0
configure:3973: test -s conftest
configure:3976: $? = 0
configure:3987: result: yes
configure:4095: creating ./config.status

## ---------------------- ##
## Running config.status. ##
## ---------------------- ##

This file was extended by FULL-PACKAGE-NAME config.status VERSION, which was
generated by GNU Autoconf 2.57.  Invocation command line was

  CONFIG_FILES    = 
  CONFIG_HEADERS  = 
  CONFIG_LINKS    = 
  CONFIG_COMMANDS = 
  $ ./config.status 

on macivory.local

config.status:607: creating Makefile
config.status:710: creating config.h

## ---------------- ##
## Cache variables. ##
## ---------------- ##

ac_cv_c_compiler_gnu=yes
ac_cv_c_const=yes
ac_cv_c_inline=inline
ac_cv_env_CC_set=
ac_cv_env_CC_value=
ac_cv_env_CFLAGS_set=
ac_cv_env_CFLAGS_value=
ac_cv_env_CPPFLAGS_set=
ac_cv_env_CPPFLAGS_value=
ac_cv_env_CPP_set=
ac_cv_env_CPP_value=
ac_cv_env_LDFLAGS_set=
ac_cv_env_LDFLAGS_value=
ac_cv_env_build_alias_set=
ac_cv_env_build_alias_value=
ac_cv_env_host_alias_set=
ac_cv_env_host_alias_value=
ac_cv_env_target_alias_set=
ac_cv_env_target_alias_value=
ac_cv_exeext=
ac_cv_func__doprnt=no
ac_cv_func_malloc_0_nonnull=yes
ac_cv_func_memcmp_working=yes
ac_cv_func_realloc_0_nonnull=yes
ac_cv_func_sqrt=yes
ac_cv_func_strrchr=yes
ac_cv_func_vprintf=yes
ac_cv_header_inttypes_h=yes
ac_cv_header_libintl_h=no
ac_cv_header_memory_h=yes
ac_cv_header_stdbool_h=yes
ac_cv_header_stdc=yes
ac_cv_header_stdint_h=yes
ac_cv_header_stdlib_h=yes
ac_cv_header_string_h=yes
ac_cv_header_strings_h=yes
ac_cv_header_sys_stat_h=yes
ac_cv_header_sys_time_h=yes
ac_cv_header_sys_types_h=yes
ac_cv_header_unistd_h=yes
ac_cv_lib_mysqlclient_main=no
ac_cv_lib_z_main=yes
ac_cv_objext=o
ac_cv_prog_CPP='gcc -E'
ac_cv_prog_ac_ct_CC=gcc
ac_cv_prog_cc_g=yes
ac_cv_prog_cc_stdc=
ac_cv_prog_egrep='grep -E'
ac_cv_type__Bool=yes
ac_cv_type_size_t=yes

## ----------------- ##
## Output variables. ##
## ----------------- ##

CC='gcc'
CFLAGS='-g -O2'
CPP='gcc -E'
CPPFLAGS=''
DEFS='-DHAVE_CONFIG_H'
ECHO_C=''
ECHO_N='-n'
ECHO_T=''
EGREP='grep -E'
EXEEXT=''
LDFLAGS=''
LIBOBJS=''
LIBS='-lz '
LTLIBOBJS=''
OBJEXT='o'
PACKAGE_BUGREPORT='BUG-REPORT-ADDRESS'
PACKAGE_NAME='FULL-PACKAGE-NAME'
PACKAGE_STRING='FULL-PACKAGE-NAME VERSION'
PACKAGE_TARNAME='full-package-name'
PACKAGE_VERSION='VERSION'
PATH_SEPARATOR=':'
SHELL='/bin/sh'
ac_ct_CC='gcc'
bindir='${exec_prefix}/bin'
build_alias=''
datadir='${prefix}/share'
exec_prefix='${prefix}'
host_alias=''
includedir='${prefix}/include'
infodir='${prefix}/info'
libdir='${exec_prefix}/lib'
libexecdir='${exec_prefix}/libexec'
localstatedir='${prefix}/var'
mandir='${prefix}/man'
oldincludedir='/usr/include'
prefix='/usr/local'
program_transform_name='s,x,x,'
sbindir='${exec_prefix}/sbin'
sharedstatedir='${prefix}/com'
sysconfdir='${prefix}/etc'
target_alias=''

## ----------- ##
## confdefs.h. ##
## ----------- ##

#define HAVE_INTTYPES_H 1
#define HAVE_LIBZ 1
#define HAVE_MALLOC 1
#define HAVE_MEMORY_H 1
#define HAVE_REALLOC 1
#define HAVE_SQRT 1
#define HAVE_STDBOOL_H 1
#define HAVE_STDINT_H 1
#define HAVE_STDLIB_H 1
#define HAVE_STDLIB_H 1
#define HAVE_STDLIB_H 1
#define HAVE_STDLIB_H 1
#define HAVE_STRINGS_H 1
#define HAVE_STRING_H 1
#define HAVE_STRING_H 1
#define HAVE_STRRCHR 1
#define HAVE_SYS_STAT_H 1
#define HAVE_SYS_TIME_H 1
#define HAVE_SYS_TYPES_H 1
#define HAVE_UNISTD_H 1
#define HAVE_UNISTD_H 1
#define HAVE_VPRINTF 1
#define HAVE__BOOL 1
#define PACKAGE_BUGREPORT "BUG-REPORT-ADDRESS"
#define PACKAGE_NAME "FULL-PACKAGE-NAME"
#define PACKAGE_STRING "FULL-PACKAGE-NAME VERSION"
#define PACKAGE_TARNAME "full-package-name"
#define PACKAGE_VERSION "VERSION"
#define STDC_HEADERS 1

configure: exit 0
